<?xml version="1.0" encoding="UTF-8" ?>
<testsuite tests="32" failures="0" name="RationalTest" time="0.007" errors="0" skipped="0">
  <properties>
[...]
</properties>
  <testcase classname="RationalTest" name="testToString_10" time="0.005"/>
  <testcase classname="RationalTest" name="testToString_11" time="0"/>
  <testcase classname="RationalTest" name="testAdd_1" time="0"/>
  <testcase classname="RationalTest" name="testAdd_2" time="0"/>
  <testcase classname="RationalTest" name="testAdd_3" time="0"/>
  <testcase classname="RationalTest" name="testAdd_4" time="0"/>
  <testcase classname="RationalTest" name="testCompareTo_1" time="0"/>
  <testcase classname="RationalTest" name="testCompareTo_2" time="0"/>
  <testcase classname="RationalTest" name="testCompareTo_3" time="0"/>
  <testcase classname="RationalTest" name="testCompareTo_4" time="0"/>
  <testcase classname="RationalTest" name="testSubtract_1" time="0"/>
  <testcase classname="RationalTest" name="testSubtract_2" time="0"/>
  <testcase classname="RationalTest" name="testSubtract_3" time="0"/>
  <testcase classname="RationalTest" name="testSubtract_4" time="0"/>
  <testcase classname="RationalTest" name="testMultiply_1" time="0"/>
  <testcase classname="RationalTest" name="testMultiply_2" time="0.001"/>
  <testcase classname="RationalTest" name="testMultiply_3" time="0"/>
  <testcase classname="RationalTest" name="testMultiply_4" time="0"/>
  <testcase classname="RationalTest" name="testToString_1" time="0"/>
  <testcase classname="RationalTest" name="testToString_4" time="0"/>
  <testcase classname="RationalTest" name="testToString_5" time="0"/>
  <testcase classname="RationalTest" name="testToString_6" time="0"/>
  <testcase classname="RationalTest" name="testToString_7" time="0"/>
  <testcase classname="RationalTest" name="testToString_8" time="0.001"/>
  <testcase classname="RationalTest" name="testToString_9" time="0"/>
  <testcase classname="RationalTest" name="testDivide_1" time="0"/>
  <testcase classname="RationalTest" name="testDivide_2" time="0"/>
  <testcase classname="RationalTest" name="testDivide_3" time="0"/>
  <testcase classname="RationalTest" name="testEquals_1" time="0"/>
  <testcase classname="RationalTest" name="testEquals_2" time="0"/>
  <testcase classname="RationalTest" name="testEquals_3" time="0"/>
  <testcase classname="RationalTest" name="testEquals_4" time="0"/>
</testsuite>